"F:/Data/Documents/Unreal Projects/LD34/LD34.uproject" 1
"../../../Engine/Plugins/2D/Paper2D/Paper2D.uplugin" 2
"../../../Engine/Plugins/Blendables/LightPropagationVolume/LightPropagationVolume.uplugin" 3
"../../../Engine/Plugins/Developer/BlankPlugin/BlankPlugin.uplugin" 4
"../../../Engine/Plugins/Developer/CodeLiteSourceCodeAccess/CodeLiteSourceCodeAccess.uplugin" 5
"../../../Engine/Plugins/Developer/GitSourceControl/GitSourceControl.uplugin" 6
"../../../Engine/Plugins/Developer/KDevelopSourceCodeAccess/KDevelopSourceCodeAccess.uplugin" 7
"../../../Engine/Plugins/Developer/NullSourceCodeAccess/NullSourceCodeAccess.uplugin" 8
"../../../Engine/Plugins/Developer/OneSkyLocalizationService/OneSkyLocalizationService.uplugin" 9
"../../../Engine/Plugins/Developer/PerforceSourceControl/PerforceSourceControl.uplugin" 10
"../../../Engine/Plugins/Developer/SubversionSourceControl/SubversionSourceControl.uplugin" 11
"../../../Engine/Plugins/Developer/UObjectPlugin/UObjectPlugin.uplugin" 12
"../../../Engine/Plugins/Developer/VisualStudioSourceCodeAccess/VisualStudioSourceCodeAccess.uplugin" 13
"../../../Engine/Plugins/Developer/XCodeSourceCodeAccess/XCodeSourceCodeAccess.uplugin" 14
"../../../Engine/Plugins/Editor/EpicSurvey/EpicSurvey.uplugin" 15
"../../../Engine/Plugins/Editor/MacGraphicsSwitching/MacGraphicsSwitching.uplugin" 16
"../../../Engine/Plugins/Editor/PluginBrowser/PluginBrowser.uplugin" 17
"../../../Engine/Plugins/Editor/SpeedTreeImporter/SpeedTreeImporter.uplugin" 18
"../../../Engine/Plugins/Experimental/BlueprintStats/BlueprintStats.uplugin" 19
"../../../Engine/Plugins/Experimental/CharacterAI/CharacterAI.uplugin" 20
"../../../Engine/Plugins/Experimental/CodeEditor/CodeEditor.uplugin" 21
"../../../Engine/Plugins/Experimental/CodeView/CodeView.uplugin" 22
"../../../Engine/Plugins/Experimental/HTML5Networking/HTML5Networking.uplugin" 23
"../../../Engine/Plugins/Experimental/LiveEditor/LiveEditor.uplugin" 24
"../../../Engine/Plugins/Experimental/Phya/Phya.uplugin" 25
"../../../Engine/Plugins/Experimental/SimpleHMD/SimpleHMD.uplugin" 26
"../../../Engine/Plugins/Experimental/StructBox/StructBox.uplugin" 27
"../../../Engine/Plugins/Media/AndroidMedia/AndroidMedia.uplugin" 28
"../../../Engine/Plugins/Media/AvfMedia/AvfMedia.uplugin" 29
"../../../Engine/Plugins/Media/MediaPlayerEditor/MediaPlayerEditor.uplugin" 30
"../../../Engine/Plugins/Media/WmfMedia/WmfMedia.uplugin" 31
"../../../Engine/Plugins/Messaging/MessagingDebugger/MessagingDebugger.uplugin" 32
"../../../Engine/Plugins/Messaging/UdpMessaging/UdpMessaging.uplugin" 33
"../../../Engine/Plugins/MovieScene/LevelSequenceEditor/LevelSequenceEditor.uplugin" 34
"../../../Engine/Plugins/NetcodeUnitTest/NetcodeUnitTest/NetcodeUnitTest.uplugin" 35
"../../../Engine/Plugins/NetcodeUnitTest/NUTUnrealEngine4/NUTUnrealEngine4.uplugin" 36
"../../../Engine/Plugins/Runtime/Advertising/IOSTapJoy/IOSTapJoy.uplugin" 37
"../../../Engine/Plugins/Runtime/Analytics/AnalyticsBlueprintLibrary/AnalyticsBlueprintLibrary.uplugin" 38
"../../../Engine/Plugins/Runtime/Analytics/AnalyticsMulticast/AnalyticsMulticast.uplugin" 39
"../../../Engine/Plugins/Runtime/Analytics/Apsalar/IOSApsalar/IOSApsalar.uplugin" 40
"../../../Engine/Plugins/Runtime/Analytics/FileLogging/FileLogging.uplugin" 41
"../../../Engine/Plugins/Runtime/Analytics/Flurry/IOSFlurry/IOSFlurry.uplugin" 42
"../../../Engine/Plugins/Runtime/AndroidDeviceProfileSelector/AndroidDeviceProfileSelector.uplugin" 43
"../../../Engine/Plugins/Runtime/AndroidMoviePlayer/AndroidMoviePlayer.uplugin" 44
"../../../Engine/Plugins/Runtime/AppleMoviePlayer/AppleMoviePlayer.uplugin" 45
"../../../Engine/Plugins/Runtime/ArchVisCharacter/ArchVisCharacter.uplugin" 46
"../../../Engine/Plugins/Runtime/CableComponent/CableComponent.uplugin" 47
"../../../Engine/Plugins/Runtime/CustomMeshComponent/CustomMeshComponent.uplugin" 48
"../../../Engine/Plugins/Runtime/ExampleDeviceProfileSelector/ExampleDeviceProfileSelector.uplugin" 49
"../../../Engine/Plugins/Runtime/GearVR/GearVR.uplugin" 50
"../../../Engine/Plugins/Runtime/IOSDeviceProfileSelector/IOSDeviceProfileSelector.uplugin" 51
"../../../Engine/Plugins/Runtime/LeapMotionController/LeapMotionController.uplugin" 52
"../../../Engine/Plugins/Runtime/LinuxDeviceProfileSelector/LinuxDeviceProfileSelector.uplugin" 53
"../../../Engine/Plugins/Runtime/LiveEditorListenServer/LiveEditorListenServer.uplugin" 54
"../../../Engine/Plugins/Runtime/OculusAudio/OculusAudio.uplugin" 55
"../../../Engine/Plugins/Runtime/OculusInput/OculusInput.uplugin" 56
"../../../Engine/Plugins/Runtime/OculusLibrary/OculusLibrary.uplugin" 57
"../../../Engine/Plugins/Runtime/OculusRift/OculusRift.uplugin" 58
"../../../Engine/Plugins/Runtime/ProceduralMeshComponent/ProceduralMeshComponent.uplugin" 59
"../../../Engine/Plugins/Runtime/SoundMod/SoundMod.uplugin" 60
"../../../Engine/Plugins/Runtime/SoundVisualizations/SoundVisualizations.uplugin" 61
"../../../Engine/Plugins/Runtime/Steam/SteamController/SteamController.uplugin" 62
"../../../Engine/Plugins/Runtime/Steam/SteamVR/SteamVR.uplugin" 63
"../../../Engine/Plugins/Runtime/WebBrowserWidget/WebBrowserWidget.uplugin" 64
"../../../Engine/Plugins/Runtime/WindowsDeviceProfileSelector/WindowsDeviceProfileSelector.uplugin" 65
"../../../Engine/Plugins/Runtime/WindowsMoviePlayer/WindowsMoviePlayer.uplugin" 66
"../../../Engine/Plugins/ScriptGeneratorPlugin/ScriptGeneratorPlugin.uplugin" 67
"../../../Engine/Plugins/ScriptPlugin/ScriptPlugin.uplugin" 68
"../../../Engine/Plugins/Slate/SlateRemote/SlateRemote.uplugin" 69
"..\..\..\Engine\Content\Internationalization\icudt53l\cnvalias.icu" 70
"..\..\..\Engine\Content\Internationalization\icudt53l\en_US_POSIX.res" 71
"..\..\..\Engine\Content\Internationalization\icudt53l\pool.res" 72
"..\..\..\Engine\Content\Internationalization\icudt53l\en_US.res" 73
"..\..\..\Engine\Content\Internationalization\icudt53l\en.res" 74
"..\..\..\Engine\Content\Internationalization\icudt53l\root.res" 75
"C:/Users/quadtree/AppData/Local/UnrealEngine/4.10/Saved/Config/Windows/Manifest.ini" 76
"../../../Engine/Config/Base.ini" 77
"../../../Engine/Config/BaseEngine.ini" 78
"F:/Data/Documents/Unreal Projects/LD34/Config/DefaultEngine.ini" 79
"../../../Engine/Config/Windows/WindowsEngine.ini" 80
"C:/Users/quadtree/AppData/Local/Unreal Engine/Engine/Config/UserEngine.ini" 81
"F:/Data/Documents/Unreal Projects/LD34/Saved/Config/Windows/Engine.ini" 82
"../../../../../../../Data/Documents/Unreal Projects/LD34/Intermediate/Config/CoalescedSourceConfigs/Engine.ini" 83
"../../../Engine/Config/BaseGame.ini" 84
"F:/Data/Documents/Unreal Projects/LD34/Config/DefaultGame.ini" 85
"F:/Data/Documents/Unreal Projects/LD34/Saved/Config/Windows/Game.ini" 86
"../../../../../../../Data/Documents/Unreal Projects/LD34/Intermediate/Config/CoalescedSourceConfigs/Game.ini" 87
"../../../Engine/Config/BaseInput.ini" 88
"F:/Data/Documents/Unreal Projects/LD34/Config/DefaultInput.ini" 89
"F:/Data/Documents/Unreal Projects/LD34/Saved/Config/Windows/Input.ini" 90
"../../../../../../../Data/Documents/Unreal Projects/LD34/Intermediate/Config/CoalescedSourceConfigs/Input.ini" 91
"../../../Engine/Config/BaseEditor.ini" 92
"F:/Data/Documents/Unreal Projects/LD34/Config/DefaultEditor.ini" 93
"F:/Data/Documents/Unreal Projects/LD34/Saved/Config/Windows/Editor.ini" 94
"../../../../../../../Data/Documents/Unreal Projects/LD34/Intermediate/Config/CoalescedSourceConfigs/Editor.ini" 95
"../../../Engine/Config/BaseEditorPerProjectUserSettings.ini" 96
"F:/Data/Documents/Unreal Projects/LD34/Saved/Config/Windows/EditorPerProjectUserSettings.ini" 97
"../../../../../../../Data/Documents/Unreal Projects/LD34/Intermediate/Config/CoalescedSourceConfigs/EditorPerProjectUserSettings.ini" 98
"../../../Engine/Config/BaseEditorSettings.ini" 99
"C:/Users/quadtree/AppData/Local/UnrealEngine/4.10/Saved/Config/Windows/EditorSettings.ini" 100
"../../../../../../../Data/Documents/Unreal Projects/LD34/Intermediate/Config/CoalescedSourceConfigs/EditorSettings.ini" 101
"../../../Engine/Config/BaseEditorLayout.ini" 102
"C:/Users/quadtree/AppData/Local/UnrealEngine/4.10/Saved/Config/Windows/EditorLayout.ini" 103
"../../../../../../../Data/Documents/Unreal Projects/LD34/Intermediate/Config/CoalescedSourceConfigs/EditorLayout.ini" 104
"../../../Engine/Config/BaseEditorKeyBindings.ini" 105
"C:/Users/quadtree/AppData/Local/UnrealEngine/4.10/Saved/Config/Windows/EditorKeyBindings.ini" 106
"../../../../../../../Data/Documents/Unreal Projects/LD34/Intermediate/Config/CoalescedSourceConfigs/EditorKeyBindings.ini" 107
"../../../Engine/Config/BaseCompat.ini" 108
"F:/Data/Documents/Unreal Projects/LD34/Saved/Config/Windows/Compat.ini" 109
"../../../../../../../Data/Documents/Unreal Projects/LD34/Intermediate/Config/CoalescedSourceConfigs/Compat.ini" 110
"../../../Engine/Config/BaseLightmass.ini" 111
"F:/Data/Documents/Unreal Projects/LD34/Saved/Config/Windows/Lightmass.ini" 112
"../../../../../../../Data/Documents/Unreal Projects/LD34/Intermediate/Config/CoalescedSourceConfigs/Lightmass.ini" 113
"../../../Engine/Config/BaseScalability.ini" 114
"F:/Data/Documents/Unreal Projects/LD34/Saved/Config/Windows/Scalability.ini" 115
"../../../../../../../Data/Documents/Unreal Projects/LD34/Intermediate/Config/CoalescedSourceConfigs/Scalability.ini" 116
"F:/Data/Documents/Unreal Projects/LD34/Saved/Config/Windows/GameUserSettings.ini" 117
"../../../../../../../Data/Documents/Unreal Projects/LD34/Intermediate/Config/CoalescedSourceConfigs/GameUserSettings.ini" 118
"../../../Engine/Config/BaseDeviceProfiles.ini" 119
"F:/Data/Documents/Unreal Projects/LD34/Saved/Config/Windows/DeviceProfiles.ini" 120
"../../../../../../../Data/Documents/Unreal Projects/LD34/Intermediate/Config/CoalescedSourceConfigs/DeviceProfiles.ini" 121
"../../../Engine/Config/ConsoleVariables.ini" 122
"..\..\..\Engine\Content\Internationalization\icudt53l\es.res" 123
"..\..\..\Engine\Content\Internationalization\icudt53l\ja.res" 124
"..\..\..\Engine\Content\Internationalization\icudt53l\ko.res" 125
"..\..\..\Engine\Content\Internationalization\icudt53l\pt_BR.res" 126
"..\..\..\Engine\Content\Internationalization\icudt53l\pt.res" 127
"..\..\..\Engine\Content\Internationalization\icudt53l\zh_CN.res" 128
"..\..\..\Engine\Content\Internationalization\icudt53l\zh_Hans_CN.res" 129
"..\..\..\Engine\Content\Internationalization\icudt53l\zh_Hans.res" 130
"..\..\..\Engine\Content\Internationalization\icudt53l\zh.res" 131
"F:/Programs/Unreal Engine/Unreal Engine/4.10/Engine/Content/Localization/Editor/en/Editor.locres" 132
"F:/Programs/Unreal Engine/Unreal Engine/4.10/Engine/Content/Localization/EditorTutorials/en/EditorTutorials.locres" 133
"F:/Programs/Unreal Engine/Unreal Engine/4.10/Engine/Content/Localization/Keywords/en/Keywords.locres" 134
"F:/Programs/Unreal Engine/Unreal Engine/4.10/Engine/Content/Localization/Category/en/Category.locres" 135
"F:/Programs/Unreal Engine/Unreal Engine/4.10/Engine/Content/Localization/ToolTips/en/ToolTips.locres" 136
"F:/Programs/Unreal Engine/Unreal Engine/4.10/Engine/Content/Localization/PropertyNames/en/PropertyNames.locres" 137
"F:/Programs/Unreal Engine/Unreal Engine/4.10/Engine/Content/Localization/Engine/en/Engine.locres" 138
"../../../Engine/Content/Slate/Fonts/Roboto-Regular.ttf" 139
"../../../Engine/Content/Slate/Fonts/DroidSansMono.ttf" 140
"../../../Engine/Content/Slate/Fonts/Roboto-Bold.ttf" 141
"../../../Engine/Content/Slate/Fonts/Roboto-Light.ttf" 142
"F:/Programs/Unreal Engine/Unreal Engine/4.10/Engine/Binaries/Win64/../../../Engine/Shaders/ParticleSpriteVertexFactory.usf" 143
"F:/Programs/Unreal Engine/Unreal Engine/4.10/Engine/Binaries/Win64/../../../Engine/Shaders/VertexFactoryCommon.usf" 144
"F:/Programs/Unreal Engine/Unreal Engine/4.10/Engine/Binaries/Win64/../../../Engine/Shaders/Common.usf" 145
"F:/Programs/Unreal Engine/Unreal Engine/4.10/Engine/Binaries/Win64/../../../Engine/Shaders/MetalCommon.usf" 146
"F:/Programs/Unreal Engine/Unreal Engine/4.10/Engine/Binaries/Win64/../../../Engine/Shaders/ShaderVersion.usf" 147
"F:/Programs/Unreal Engine/Unreal Engine/4.10/Engine/Binaries/Win64/../../../Engine/Shaders/CommonViewUniformBuffer.usf" 148
"F:/Programs/Unreal Engine/Unreal Engine/4.10/Engine/Binaries/Win64/../../../Engine/Shaders/Definitions.usf" 149
"F:/Programs/Unreal Engine/Unreal Engine/4.10/Engine/Binaries/Win64/../../../Engine/Shaders/Random.usf" 150
"F:/Programs/Unreal Engine/Unreal Engine/4.10/Engine/Binaries/Win64/../../../Engine/Shaders/ParticleVertexFactoryCommon.usf" 151
"F:/Programs/Unreal Engine/Unreal Engine/4.10/Engine/Binaries/Win64/../../../Engine/Shaders/ParticleGPUSpriteVertexFactory.usf" 152
"F:/Programs/Unreal Engine/Unreal Engine/4.10/Engine/Binaries/Win64/../../../Engine/Shaders/ParticleBeamTrailVertexFactory.usf" 153
"F:/Programs/Unreal Engine/Unreal Engine/4.10/Engine/Binaries/Win64/../../../Engine/Shaders/LocalVertexFactory.usf" 154
"F:/Programs/Unreal Engine/Unreal Engine/4.10/Engine/Binaries/Win64/../../../Engine/Shaders/LocalVertexFactoryCommon.usf" 155
"F:/Programs/Unreal Engine/Unreal Engine/4.10/Engine/Binaries/Win64/../../../Engine/Shaders/VectorFieldVisualizationVertexFactory.usf" 156
"F:/Programs/Unreal Engine/Unreal Engine/4.10/Engine/Binaries/Win64/../../../Engine/Shaders/MeshParticleVertexFactory.usf" 157
"F:/Programs/Unreal Engine/Unreal Engine/4.10/Engine/Binaries/Win64/../../../Engine/Shaders/GpuSkinVertexFactory.usf" 158
"F:/Programs/Unreal Engine/Unreal Engine/4.10/Engine/Binaries/Win64/../../../Engine/Shaders/GpuSkinCacheCommon.usf" 159
"F:/Programs/Unreal Engine/Unreal Engine/4.10/Engine/Binaries/Win64/../../../Engine/Shaders/LandscapeVertexFactory.usf" 160
"F:/Programs/Unreal Engine/Unreal Engine/4.10/Engine/Binaries/Win64/../../../Engine/Shaders/SlateElementPixelShader.usf" 161
"F:/Programs/Unreal Engine/Unreal Engine/4.10/Engine/Binaries/Win64/../../../Engine/Shaders/GammaCorrectionCommon.usf" 162
"F:/Programs/Unreal Engine/Unreal Engine/4.10/Engine/Binaries/Win64/../../../Engine/Shaders/MaterialTemplate.usf" 163
"F:/Programs/Unreal Engine/Unreal Engine/4.10/Engine/Binaries/Win64/../../../Engine/Shaders/DepthOfFieldCommon.usf" 164
"F:/Programs/Unreal Engine/Unreal Engine/4.10/Engine/Binaries/Win64/../../../Engine/Shaders/GlobalDistanceFieldShared.usf" 165
"F:/Programs/Unreal Engine/Unreal Engine/4.10/Engine/Binaries/Win64/../../../Engine/Shaders/SpeedTreeCommon.usf" 166
"F:/Programs/Unreal Engine/Unreal Engine/4.10/Engine/Binaries/Win64/../../../Engine/Shaders/AtmosphereCommon.usf" 167
"F:/Programs/Unreal Engine/Unreal Engine/4.10/Engine/Binaries/Win64/../../../Engine/Shaders/PaniniProjection.usf" 168
"F:/Programs/Unreal Engine/Unreal Engine/4.10/Engine/Binaries/Win64/../../../Engine/Shaders/EyeAdaptationCommon.usf" 169
"F:/Programs/Unreal Engine/Unreal Engine/4.10/Engine/Binaries/Win64/../../../Engine/Shaders/PostProcessCommon.usf" 170
"F:/Programs/Unreal Engine/Unreal Engine/4.10/Engine/Binaries/Win64/../../../Engine/Shaders/DeferredShadingCommon.usf" 171
"F:/Programs/Unreal Engine/Unreal Engine/4.10/Engine/Binaries/Win64/../../../Engine/Shaders/LightAccumulator.usf" 172
"F:/Programs/Unreal Engine/Unreal Engine/4.10/Engine/Binaries/Win64/../../../Engine/Shaders/SlateVertexShader.usf" 173
"F:/Programs/Unreal Engine/Unreal Engine/4.10/Engine/Binaries/Win64/../../../Engine/Shaders/ParticleSortKeyGen.usf" 174
"F:/Programs/Unreal Engine/Unreal Engine/4.10/Engine/Binaries/Win64/../../../Engine/Shaders/ParticleBoundsShader.usf" 175
"F:/Programs/Unreal Engine/Unreal Engine/4.10/Engine/Binaries/Win64/../../../Engine/Shaders/ParticleSimVisualizeShader.usf" 176
"F:/Programs/Unreal Engine/Unreal Engine/4.10/Engine/Binaries/Win64/../../../Engine/Shaders/ParticleInjectionShader.usf" 177
"F:/Programs/Unreal Engine/Unreal Engine/4.10/Engine/Binaries/Win64/../../../Engine/Shaders/ParticleSimulationShader.usf" 178
"F:/Programs/Unreal Engine/Unreal Engine/4.10/Engine/Binaries/Win64/../../../Engine/Shaders/ParticleCurveInjectionShader.usf" 179
"F:/Programs/Unreal Engine/Unreal Engine/4.10/Engine/Binaries/Win64/../../../Engine/Shaders/VectorFieldCompositeShaders.usf" 180
"F:/Programs/Unreal Engine/Unreal Engine/4.10/Engine/Binaries/Win64/../../../Engine/Shaders/UpdateTextureShaders.usf" 181
"F:/Programs/Unreal Engine/Unreal Engine/4.10/Engine/Binaries/Win64/../../../Engine/Shaders/SimpleElementColorChannelMaskPixelShader.usf" 182
"F:/Programs/Unreal Engine/Unreal Engine/4.10/Engine/Binaries/Win64/../../../Engine/Shaders/SimpleElementPixelShader.usf" 183
"F:/Programs/Unreal Engine/Unreal Engine/4.10/Engine/Binaries/Win64/../../../Engine/Shaders/ColorUtils.usf" 184
"F:/Programs/Unreal Engine/Unreal Engine/4.10/Engine/Binaries/Win64/../../../Engine/Shaders/IESLightProfilesCommon.usf" 185
"F:/Programs/Unreal Engine/Unreal Engine/4.10/Engine/Binaries/Win64/../../../Engine/Shaders/SimpleElementHitProxyPixelShader.usf" 186
"F:/Programs/Unreal Engine/Unreal Engine/4.10/Engine/Binaries/Win64/../../../Engine/Shaders/SimpleElementVertexShader.usf" 187
"F:/Programs/Unreal Engine/Unreal Engine/4.10/Engine/Binaries/Win64/../../../Engine/Shaders/ScreenVertexShader.usf" 188
"F:/Programs/Unreal Engine/Unreal Engine/4.10/Engine/Binaries/Win64/../../../Engine/Shaders/ScreenPixelShader.usf" 189
"F:/Programs/Unreal Engine/Unreal Engine/4.10/Engine/Binaries/Win64/../../../Engine/Shaders/RadixSortShaders.usf" 190
"F:/Programs/Unreal Engine/Unreal Engine/4.10/Engine/Binaries/Win64/../../../Engine/Shaders/GpuSkinCacheComputeShader.usf" 191
"F:/Programs/Unreal Engine/Unreal Engine/4.10/Engine/Binaries/Win64/../../../Engine/Shaders/NullPixelShader.usf" 192
"F:/Programs/Unreal Engine/Unreal Engine/4.10/Engine/Binaries/Win64/../../../Engine/Shaders/LandscapeGrassWeight.usf" 193
"F:/Programs/Unreal Engine/Unreal Engine/4.10/Engine/Binaries/Win64/../../../Engine/Shaders/VisualizeTexture.usf" 194
"F:/Programs/Unreal Engine/Unreal Engine/4.10/Engine/Binaries/Win64/../../../Engine/Shaders/ScreenSpaceReflections.usf" 195
"F:/Programs/Unreal Engine/Unreal Engine/4.10/Engine/Binaries/Win64/../../../Engine/Shaders/BRDF.usf" 196
"F:/Programs/Unreal Engine/Unreal Engine/4.10/Engine/Binaries/Win64/../../../Engine/Shaders/MonteCarlo.usf" 197
"F:/Programs/Unreal Engine/Unreal Engine/4.10/Engine/Binaries/Win64/../../../Engine/Shaders/ScreenSpaceRayCast.usf" 198
"F:/Programs/Unreal Engine/Unreal Engine/4.10/Engine/Binaries/Win64/../../../Engine/Shaders/FilterVertexShader.usf" 199
"F:/Programs/Unreal Engine/Unreal Engine/4.10/Engine/Binaries/Win64/../../../Engine/Shaders/FilterPixelShader.usf" 200
"F:/Programs/Unreal Engine/Unreal Engine/4.10/Engine/Binaries/Win64/../../../Engine/Shaders/PostProcessVisualizeHDR.usf" 201
"F:/Programs/Unreal Engine/Unreal Engine/4.10/Engine/Binaries/Win64/../../../Engine/Shaders/PostProcessHistogramCommon.usf" 202
"F:/Programs/Unreal Engine/Unreal Engine/4.10/Engine/Binaries/Win64/../../../Engine/Shaders/TonemapCommon.usf" 203
"F:/Programs/Unreal Engine/Unreal Engine/4.10/Engine/Binaries/Win64/../../../Engine/Shaders/ACES.usf" 204
"F:/Programs/Unreal Engine/Unreal Engine/4.10/Engine/Binaries/Win64/../../../Engine/Shaders/MiniFontCommon.usf" 205
"F:/Programs/Unreal Engine/Unreal Engine/4.10/Engine/Binaries/Win64/../../../Engine/Shaders/PostProcessVisualizeBuffer.usf" 206
"F:/Programs/Unreal Engine/Unreal Engine/4.10/Engine/Binaries/Win64/../../../Engine/Shaders/PostProcessUpscale.usf" 207
"F:/Programs/Unreal Engine/Unreal Engine/4.10/Engine/Binaries/Win64/../../../Engine/Shaders/PostProcessTonemap.usf" 208
"F:/Programs/Unreal Engine/Unreal Engine/4.10/Engine/Binaries/Win64/../../../Engine/Shaders/PostProcessTestImage.usf" 209
"F:/Programs/Unreal Engine/Unreal Engine/4.10/Engine/Binaries/Win64/../../../Engine/Shaders/PostProcessTemporalAA.usf" 210
"F:/Programs/Unreal Engine/Unreal Engine/4.10/Engine/Binaries/Win64/../../../Engine/Shaders/PostProcessTemporalCommon.usf" 211
"F:/Programs/Unreal Engine/Unreal Engine/4.10/Engine/Binaries/Win64/../../../Engine/Shaders/PostProcessSubsurface.usf" 212
"F:/Programs/Unreal Engine/Unreal Engine/4.10/Engine/Binaries/Win64/../../../Engine/Shaders/SeparableSSS.usf" 213
"F:/Programs/Unreal Engine/Unreal Engine/4.10/Engine/Binaries/Win64/../../../Engine/Shaders/PostProcessSelectionOutline.usf" 214
"F:/Programs/Unreal Engine/Unreal Engine/4.10/Engine/Binaries/Win64/../../../Engine/Shaders/PostProcessSceneColorFringe.usf" 215
"F:/Programs/Unreal Engine/Unreal Engine/4.10/Engine/Binaries/Win64/../../../Engine/Shaders/PostProcessNoiseBlur.usf" 216
"F:/Programs/Unreal Engine/Unreal Engine/4.10/Engine/Binaries/Win64/../../../Engine/Shaders/PostProcessMotionBlur.usf" 217
"F:/Programs/Unreal Engine/Unreal Engine/4.10/Engine/Binaries/Win64/../../../Engine/Shaders/FastMath.usf" 218
"F:/Programs/Unreal Engine/Unreal Engine/4.10/Engine/Binaries/Win64/../../../Engine/Shaders/PostProcessVelocityFlatten.usf" 219
"F:/Programs/Unreal Engine/Unreal Engine/4.10/Engine/Binaries/Win64/../../../Engine/Shaders/PostProcessMobile.usf" 220
"F:/Programs/Unreal Engine/Unreal Engine/4.10/Engine/Binaries/Win64/../../../Engine/Shaders/PostProcessMaterialShaders.usf" 221
"F:/Programs/Unreal Engine/Unreal Engine/4.10/Engine/Binaries/Win64/../../../Engine/Shaders/PostProcessLensFlares.usf" 222
"F:/Programs/Unreal Engine/Unreal Engine/4.10/Engine/Binaries/Win64/../../../Engine/Shaders/PostProcessLensBlur.usf" 223
"F:/Programs/Unreal Engine/Unreal Engine/4.10/Engine/Binaries/Win64/../../../Engine/Shaders/PostProcessBloom.usf" 224
"F:/Programs/Unreal Engine/Unreal Engine/4.10/Engine/Binaries/Win64/../../../Engine/Shaders/PostProcessHMD.usf" 225
"F:/Programs/Unreal Engine/Unreal Engine/4.10/Engine/Binaries/Win64/../../../Engine/Shaders/PostProcessHistogramReduce.usf" 226
"F:/Programs/Unreal Engine/Unreal Engine/4.10/Engine/Binaries/Win64/../../../Engine/Shaders/PostProcessHistogram.usf" 227
"F:/Programs/Unreal Engine/Unreal Engine/4.10/Engine/Binaries/Win64/../../../Engine/Shaders/PostProcessHierarchical.usf" 228
"F:/Programs/Unreal Engine/Unreal Engine/4.10/Engine/Binaries/Win64/../../../Engine/Shaders/PostProcessGBufferHints.usf" 229
"F:/Programs/Unreal Engine/Unreal Engine/4.10/Engine/Binaries/Win64/../../../Engine/Shaders/PostProcessEyeAdaptation.usf" 230
"F:/Programs/Unreal Engine/Unreal Engine/4.10/Engine/Binaries/Win64/../../../Engine/Shaders/PostProcessDownsample.usf" 231
"F:/Programs/Unreal Engine/Unreal Engine/4.10/Engine/Binaries/Win64/../../../Engine/Shaders/PostProcessDOF.usf" 232
"F:/Programs/Unreal Engine/Unreal Engine/4.10/Engine/Binaries/Win64/../../../Engine/Shaders/PostProcessCompositeEditorPrimitives.usf" 233
"F:/Programs/Unreal Engine/Unreal Engine/4.10/Engine/Binaries/Win64/../../../Engine/Shaders/PostProcessCombineLUTs.usf" 234
"F:/Programs/Unreal Engine/Unreal Engine/4.10/Engine/Binaries/Win64/../../../Engine/Shaders/PostProcessCircleDOF.usf" 235
"F:/Programs/Unreal Engine/Unreal Engine/4.10/Engine/Binaries/Win64/../../../Engine/Shaders/CircleDOFCommon.usf" 236
"F:/Programs/Unreal Engine/Unreal Engine/4.10/Engine/Binaries/Win64/../../../Engine/Shaders/PostProcessBusyWait.usf" 237
"F:/Programs/Unreal Engine/Unreal Engine/4.10/Engine/Binaries/Win64/../../../Engine/Shaders/PostProcessBokehDOF.usf" 238
"F:/Programs/Unreal Engine/Unreal Engine/4.10/Engine/Binaries/Win64/../../../Engine/Shaders/PostProcessVisualizeDOF.usf" 239
"F:/Programs/Unreal Engine/Unreal Engine/4.10/Engine/Binaries/Win64/../../../Engine/Shaders/FXAAShader.usf" 240
"F:/Programs/Unreal Engine/Unreal Engine/4.10/Engine/Binaries/Win64/../../../Engine/Shaders/Fxaa3_11.usf" 241
"F:/Programs/Unreal Engine/Unreal Engine/4.10/Engine/Binaries/Win64/../../../Engine/Shaders/PostProcessPassThrough.usf" 242
"F:/Programs/Unreal Engine/Unreal Engine/4.10/Engine/Binaries/Win64/../../../Engine/Shaders/PostProcessLpvIndirect.usf" 243
"F:/Programs/Unreal Engine/Unreal Engine/4.10/Engine/Binaries/Win64/../../../Engine/Shaders/DeferredLightingCommon.usf" 244
"F:/Programs/Unreal Engine/Unreal Engine/4.10/Engine/Binaries/Win64/../../../Engine/Shaders/DynamicLightingCommon.usf" 245
"F:/Programs/Unreal Engine/Unreal Engine/4.10/Engine/Binaries/Win64/../../../Engine/Shaders/ShadingModels.usf" 246
"F:/Programs/Unreal Engine/Unreal Engine/4.10/Engine/Binaries/Win64/../../../Engine/Shaders/LPVFinalPass.usf" 247
"F:/Programs/Unreal Engine/Unreal Engine/4.10/Engine/Binaries/Win64/../../../Engine/Shaders/LPVCommon.usf" 248
"F:/Programs/Unreal Engine/Unreal Engine/4.10/Engine/Binaries/Win64/../../../Engine/Shaders/DeferredDecal.usf" 249
"F:/Programs/Unreal Engine/Unreal Engine/4.10/Engine/Binaries/Win64/../../../Engine/Shaders/PostProcessAmbientOcclusion.usf" 250
"F:/Programs/Unreal Engine/Unreal Engine/4.10/Engine/Binaries/Win64/../../../Engine/Shaders/PostProcessAmbient.usf" 251
"F:/Programs/Unreal Engine/Unreal Engine/4.10/Engine/Binaries/Win64/../../../Engine/Shaders/CubemapCommon.usf" 252
"F:/Programs/Unreal Engine/Unreal Engine/4.10/Engine/Binaries/Win64/../../../Engine/Shaders/VelocityShader.usf" 253
"F:/Programs/Unreal Engine/Unreal Engine/4.10/Engine/Binaries/Win64/../../../Engine/Shaders/VelocityCommon.usf" 254
"F:/Programs/Unreal Engine/Unreal Engine/4.10/Engine/Binaries/Win64/../../../Engine/Shaders/Tessellation.usf" 255
"F:/Programs/Unreal Engine/Unreal Engine/4.10/Engine/Binaries/Win64/../../../Engine/Shaders/FlatTessellation.usf" 256
"F:/Programs/Unreal Engine/Unreal Engine/4.10/Engine/Binaries/Win64/../../../Engine/Shaders/PNTriangles.usf" 257
"F:/Programs/Unreal Engine/Unreal Engine/4.10/Engine/Binaries/Win64/../../../Engine/Shaders/TranslucentLightingShaders.usf" 258
"F:/Programs/Unreal Engine/Unreal Engine/4.10/Engine/Binaries/Win64/../../../Engine/Shaders/SHCommon.usf" 259
"F:/Programs/Unreal Engine/Unreal Engine/4.10/Engine/Binaries/Win64/../../../Engine/Shaders/ShadowProjectionCommon.usf" 260
"F:/Programs/Unreal Engine/Unreal Engine/4.10/Engine/Binaries/Win64/../../../Engine/Shaders/TranslucentLightInjectionShaders.usf" 261
"F:/Programs/Unreal Engine/Unreal Engine/4.10/Engine/Binaries/Win64/../../../Engine/Shaders/LightFunctionCommon.usf" 262
"F:/Programs/Unreal Engine/Unreal Engine/4.10/Engine/Binaries/Win64/../../../Engine/Shaders/TranslucentShadowDepthShaders.usf" 263
"F:/Programs/Unreal Engine/Unreal Engine/4.10/Engine/Binaries/Win64/../../../Engine/Shaders/ShadowDepthCommon.usf" 264
"F:/Programs/Unreal Engine/Unreal Engine/4.10/Engine/Binaries/Win64/../../../Engine/Shaders/TiledDeferredLightShaders.usf" 265
"F:/Programs/Unreal Engine/Unreal Engine/4.10/Engine/Binaries/Win64/../../../Engine/Shaders/SurfelTree.usf" 266
"F:/Programs/Unreal Engine/Unreal Engine/4.10/Engine/Binaries/Win64/../../../Engine/Shaders/DistanceFieldLightingShared.usf" 267
"F:/Programs/Unreal Engine/Unreal Engine/4.10/Engine/Binaries/Win64/../../../Engine/Shaders/SurfelMaterialShared.usf" 268
"F:/Programs/Unreal Engine/Unreal Engine/4.10/Engine/Binaries/Win64/../../../Engine/Shaders/DistanceFieldAOShared.usf" 269
"F:/Programs/Unreal Engine/Unreal Engine/4.10/Engine/Binaries/Win64/../../../Engine/Shaders/ShadowProjectionPixelShader.usf" 270
"F:/Programs/Unreal Engine/Unreal Engine/4.10/Engine/Binaries/Win64/../../../Engine/Shaders/ShadowFilteringCommon.usf" 271
"F:/Programs/Unreal Engine/Unreal Engine/4.10/Engine/Binaries/Win64/../../../Engine/Shaders/ShadowProjectionVertexShader.usf" 272
"F:/Programs/Unreal Engine/Unreal Engine/4.10/Engine/Binaries/Win64/../../../Engine/Shaders/ShadowDepthPixelShader.usf" 273
"F:/Programs/Unreal Engine/Unreal Engine/4.10/Engine/Binaries/Win64/../../../Engine/Shaders/LPVWriteVplCommon.usf" 274
"F:/Programs/Unreal Engine/Unreal Engine/4.10/Engine/Binaries/Win64/../../../Engine/Shaders/LPVWriteCommon.usf" 275
"F:/Programs/Unreal Engine/Unreal Engine/4.10/Engine/Binaries/Win64/../../../Engine/Shaders/ShadowDepthVertexShader.usf" 276
"F:/Programs/Unreal Engine/Unreal Engine/4.10/Engine/Binaries/Win64/../../../Engine/Shaders/ShaderComplexityApplyPixelShader.usf" 277
"F:/Programs/Unreal Engine/Unreal Engine/4.10/Engine/Binaries/Win64/../../../Engine/Shaders/ShaderComplexityApplyVertexShader.usf" 278
"F:/Programs/Unreal Engine/Unreal Engine/4.10/Engine/Binaries/Win64/../../../Engine/Shaders/ShaderComplexityAccumulatePixelShader.usf" 279
"F:/Programs/Unreal Engine/Unreal Engine/4.10/Engine/Binaries/Win64/../../../Engine/Shaders/HZBOcclusion.usf" 280
"F:/Programs/Unreal Engine/Unreal Engine/4.10/Engine/Binaries/Win64/../../../Engine/Shaders/OcclusionQueryVertexShader.usf" 281
"F:/Programs/Unreal Engine/Unreal Engine/4.10/Engine/Binaries/Win64/../../../Engine/Shaders/HitProxyPixelShader.usf" 282
"F:/Programs/Unreal Engine/Unreal Engine/4.10/Engine/Binaries/Win64/../../../Engine/Shaders/HitProxyVertexShader.usf" 283
"F:/Programs/Unreal Engine/Unreal Engine/4.10/Engine/Binaries/Win64/../../../Engine/Shaders/ReflectionEnvironmentShaders.usf" 284
"F:/Programs/Unreal Engine/Unreal Engine/4.10/Engine/Binaries/Win64/../../../Engine/Shaders/ReflectionEnvironmentShared.usf" 285
"F:/Programs/Unreal Engine/Unreal Engine/4.10/Engine/Binaries/Win64/../../../Engine/Shaders/SkyLightingShared.usf" 286
"F:/Programs/Unreal Engine/Unreal Engine/4.10/Engine/Binaries/Win64/../../../Engine/Shaders/ReflectionEnvironmentComputeShaders.usf" 287
"F:/Programs/Unreal Engine/Unreal Engine/4.10/Engine/Binaries/Win64/../../../Engine/Shaders/LightShaftShader.usf" 288
"F:/Programs/Unreal Engine/Unreal Engine/4.10/Engine/Binaries/Win64/../../../Engine/Shaders/StationaryLightOverlapShaders.usf" 289
"F:/Programs/Unreal Engine/Unreal Engine/4.10/Engine/Binaries/Win64/../../../Engine/Shaders/DeferredLightPixelShaders.usf" 290
"F:/Programs/Unreal Engine/Unreal Engine/4.10/Engine/Binaries/Win64/../../../Engine/Shaders/DeferredLightVertexShaders.usf" 291
"F:/Programs/Unreal Engine/Unreal Engine/4.10/Engine/Binaries/Win64/../../../Engine/Shaders/LPVVisualise.usf" 292
"F:/Programs/Unreal Engine/Unreal Engine/4.10/Engine/Binaries/Win64/../../../Engine/Shaders/LPVGeometryVolumeCommon.usf" 293
"F:/Programs/Unreal Engine/Unreal Engine/4.10/Engine/Binaries/Win64/../../../Engine/Shaders/LPVDirectLightInject.usf" 294
"F:/Programs/Unreal Engine/Unreal Engine/4.10/Engine/Binaries/Win64/../../../Engine/Shaders/LPVPropagate.usf" 295
"F:/Programs/Unreal Engine/Unreal Engine/4.10/Engine/Binaries/Win64/../../../Engine/Shaders/LPVPacking.usf" 296
"F:/Programs/Unreal Engine/Unreal Engine/4.10/Engine/Binaries/Win64/../../../Engine/Shaders/LPVBuildGeometryVolume.usf" 297
"F:/Programs/Unreal Engine/Unreal Engine/4.10/Engine/Binaries/Win64/../../../Engine/Shaders/LpvDirectionalOcclusion.usf" 298
"F:/Programs/Unreal Engine/Unreal Engine/4.10/Engine/Binaries/Win64/../../../Engine/Shaders/LPVInject_AccumulateVplLists.usf" 299
"F:/Programs/Unreal Engine/Unreal Engine/4.10/Engine/Binaries/Win64/../../../Engine/Shaders/LPVInject_GenerateVplLists.usf" 300
"F:/Programs/Unreal Engine/Unreal Engine/4.10/Engine/Binaries/Win64/../../../Engine/Shaders/LPVClearLists.usf" 301
"F:/Programs/Unreal Engine/Unreal Engine/4.10/Engine/Binaries/Win64/../../../Engine/Shaders/LPVClear.usf" 302
"F:/Programs/Unreal Engine/Unreal Engine/4.10/Engine/Binaries/Win64/../../../Engine/Shaders/LightMapDensityShader.usf" 303
"F:/Programs/Unreal Engine/Unreal Engine/4.10/Engine/Binaries/Win64/../../../Engine/Shaders/LightFunctionPixelShader.usf" 304
"F:/Programs/Unreal Engine/Unreal Engine/4.10/Engine/Binaries/Win64/../../../Engine/Shaders/LightFunctionVertexShader.usf" 305
"F:/Programs/Unreal Engine/Unreal Engine/4.10/Engine/Binaries/Win64/../../../Engine/Shaders/HeightfieldLighting.usf" 306
"F:/Programs/Unreal Engine/Unreal Engine/4.10/Engine/Binaries/Win64/../../../Engine/Shaders/DistanceFieldShadowingShared.usf" 307
"F:/Programs/Unreal Engine/Unreal Engine/4.10/Engine/Binaries/Win64/../../../Engine/Shaders/HdrCustomResolveShaders.usf" 308
"F:/Programs/Unreal Engine/Unreal Engine/4.10/Engine/Binaries/Win64/../../../Engine/Shaders/GPUBenchmark.usf" 309
"F:/Programs/Unreal Engine/Unreal Engine/4.10/Engine/Binaries/Win64/../../../Engine/Shaders/GlobalDistanceField.usf" 310
"F:/Programs/Unreal Engine/Unreal Engine/4.10/Engine/Binaries/Win64/../../../Engine/Shaders/GammaCorrection.usf" 311
"F:/Programs/Unreal Engine/Unreal Engine/4.10/Engine/Binaries/Win64/../../../Engine/Shaders/BasePassForForwardShadingPixelShader.usf" 312
"F:/Programs/Unreal Engine/Unreal Engine/4.10/Engine/Binaries/Win64/../../../Engine/Shaders/BasePassForForwardShadingCommon.usf" 313
"F:/Programs/Unreal Engine/Unreal Engine/4.10/Engine/Binaries/Win64/../../../Engine/Shaders/LightmapCommon.usf" 314
"F:/Programs/Unreal Engine/Unreal Engine/4.10/Engine/Binaries/Win64/../../../Engine/Shaders/BasePassForForwardShadingVertexShader.usf" 315
"F:/Programs/Unreal Engine/Unreal Engine/4.10/Engine/Binaries/Win64/../../../Engine/Shaders/HeightFogCommon.usf" 316
"F:/Programs/Unreal Engine/Unreal Engine/4.10/Engine/Binaries/Win64/../../../Engine/Shaders/HeightFogPixelShader.usf" 317
"F:/Programs/Unreal Engine/Unreal Engine/4.10/Engine/Binaries/Win64/../../../Engine/Shaders/HeightFogVertexShader.usf" 318
"F:/Programs/Unreal Engine/Unreal Engine/4.10/Engine/Binaries/Win64/../../../Engine/Shaders/DistortAccumulatePS.usf" 319
"F:/Programs/Unreal Engine/Unreal Engine/4.10/Engine/Binaries/Win64/../../../Engine/Shaders/DistortAccumulateVS.usf" 320
"F:/Programs/Unreal Engine/Unreal Engine/4.10/Engine/Binaries/Win64/../../../Engine/Shaders/DistortApplyScreenPS.usf" 321
"F:/Programs/Unreal Engine/Unreal Engine/4.10/Engine/Binaries/Win64/../../../Engine/Shaders/DistanceFieldSurfaceCacheLighting.usf" 322
"F:/Programs/Unreal Engine/Unreal Engine/4.10/Engine/Binaries/Win64/../../../Engine/Shaders/SkyLighting.usf" 323
"F:/Programs/Unreal Engine/Unreal Engine/4.10/Engine/Binaries/Win64/../../../Engine/Shaders/DistanceFieldSurfaceCacheLightingCompute.usf" 324
"F:/Programs/Unreal Engine/Unreal Engine/4.10/Engine/Binaries/Win64/../../../Engine/Shaders/DistanceFieldShadowing.usf" 325
"F:/Programs/Unreal Engine/Unreal Engine/4.10/Engine/Binaries/Win64/../../../Engine/Shaders/DistanceFieldScreenGridLighting.usf" 326
"F:/Programs/Unreal Engine/Unreal Engine/4.10/Engine/Binaries/Win64/../../../Engine/Shaders/DistanceFieldLightingPost.usf" 327
"F:/Programs/Unreal Engine/Unreal Engine/4.10/Engine/Binaries/Win64/../../../Engine/Shaders/DistanceFieldGlobalIllumination.usf" 328
"F:/Programs/Unreal Engine/Unreal Engine/4.10/Engine/Binaries/Win64/../../../Engine/Shaders/DepthOnlyPixelShader.usf" 329
"F:/Programs/Unreal Engine/Unreal Engine/4.10/Engine/Binaries/Win64/../../../Engine/Shaders/DepthOnlyVertexShader.usf" 330
"F:/Programs/Unreal Engine/Unreal Engine/4.10/Engine/Binaries/Win64/../../../Engine/Shaders/PositionOnlyDepthVertexShader.usf" 331
"F:/Programs/Unreal Engine/Unreal Engine/4.10/Engine/Binaries/Win64/../../../Engine/Shaders/DownsampleDepthPixelShader.usf" 332
"F:/Programs/Unreal Engine/Unreal Engine/4.10/Engine/Binaries/Win64/../../../Engine/Shaders/EvaluateSurfelMaterial.usf" 333
"F:/Programs/Unreal Engine/Unreal Engine/4.10/Engine/Binaries/Win64/../../../Engine/Shaders/ConvertToUniformMesh.usf" 334
"F:/Programs/Unreal Engine/Unreal Engine/4.10/Engine/Binaries/Win64/../../../Engine/Shaders/BasePassPixelShader.usf" 335
"F:/Programs/Unreal Engine/Unreal Engine/4.10/Engine/Binaries/Win64/../../../Engine/Shaders/BasePassCommon.usf" 336
"F:/Programs/Unreal Engine/Unreal Engine/4.10/Engine/Binaries/Win64/../../../Engine/Shaders/ForEachLight.usf" 337
"F:/Programs/Unreal Engine/Unreal Engine/4.10/Engine/Binaries/Win64/../../../Engine/Shaders/BasePassVertexShader.usf" 338
"F:/Programs/Unreal Engine/Unreal Engine/4.10/Engine/Binaries/Win64/../../../Engine/Shaders/BasePassVertexCommon.usf" 339
"F:/Programs/Unreal Engine/Unreal Engine/4.10/Engine/Binaries/Win64/../../../Engine/Shaders/BasePassTessellationShaders.usf" 340
"F:/Programs/Unreal Engine/Unreal Engine/4.10/Engine/Binaries/Win64/../../../Engine/Shaders/AtmospherePrecompute.usf" 341
"F:/Programs/Unreal Engine/Unreal Engine/4.10/Engine/Binaries/Win64/../../../Engine/Shaders/AtmospherePrecomputeCommon.usf" 342
"F:/Programs/Unreal Engine/Unreal Engine/4.10/Engine/Binaries/Win64/../../../Engine/Shaders/AtmospherePrecomputeInscatter.usf" 343
"F:/Programs/Unreal Engine/Unreal Engine/4.10/Engine/Binaries/Win64/../../../Engine/Shaders/AtmosphericFogShader.usf" 344
"F:/Programs/Unreal Engine/Unreal Engine/4.10/Engine/Binaries/Win64/../../../Engine/Shaders/ResolveVertexShader.usf" 345
"F:/Programs/Unreal Engine/Unreal Engine/4.10/Engine/Binaries/Win64/../../../Engine/Shaders/ResolvePixelShader.usf" 346
"F:/Programs/Unreal Engine/Unreal Engine/4.10/Engine/Binaries/Win64/../../../Engine/Shaders/OneColorShader.usf" 347
"F:/Programs/Unreal Engine/Unreal Engine/4.10/Engine/Binaries/Win64/../../../Engine/Shaders/MediaShaders.usf" 348
"F:/Programs/Unreal Engine/Unreal Engine/4.10/Engine/Binaries/Win64/../../../Engine/Shaders/ClearReplacementShaders.usf" 349
"F:/Programs/Unreal Engine/Unreal Engine/4.10/Engine/Binaries/Win64/../../../Engine/Shaders/SimpleElementTexture2DPreviewPixelShader.usf" 350
"F:/Programs/Unreal Engine/Unreal Engine/4.10/Engine/Binaries/Win64/../../../Engine/Shaders/SimpleElementNormalMapPixelShader.usf" 351
"F:/Programs/Unreal Engine/Unreal Engine/4.10/Engine/Binaries/Win64/../../../Engine/Shaders/meshpaintdilatepixelshader.usf" 352
"F:/Programs/Unreal Engine/Unreal Engine/4.10/Engine/Binaries/Win64/../../../Engine/Shaders/meshpaintdilatevertexshader.usf" 353
"F:/Programs/Unreal Engine/Unreal Engine/4.10/Engine/Binaries/Win64/../../../Engine/Shaders/MeshPaintPixelShader.usf" 354
"F:/Programs/Unreal Engine/Unreal Engine/4.10/Engine/Binaries/Win64/../../../Engine/Shaders/MeshPaintVertexShader.usf" 355
"../../../Engine/Config/Android/AndroidEngine.ini" 356
"../../../Engine/Config/IOS/IOSEngine.ini" 357
"../../../Engine/Config/Linux/LinuxEngine.ini" 358
"C:/Users/quadtree/AppData/Local/UnrealEngine/4.10/DerivedDataCache/Boot.ddc" 359
"../../../Engine/DerivedDataCache/Compressed.ddp" 360
"../../../Engine/Content/EngineFonts/Roboto.uasset" 361
"../../../Engine/Content/EngineMaterials/Widget3DPassThrough_Translucent.uasset" 362
"../../../Engine/Content/EngineMaterials/Widget3DPassThrough.uasset" 363
"../../../Engine/Content/Functions/Engine_MaterialFunctions02/Texturing/ScreenAlignedUVs.uasset" 364
"../../../Engine/Content/EngineResources/WhiteSquareTexture.uasset" 365
"../../../Engine/Content/Functions/Engine_MaterialFunctions01/Shading/PowerToRoughness.uasset" 366
"../../../Engine/Content/Functions/Engine_MaterialFunctions01/Shading/ConvertFromDiffSpec.uasset" 367
"../../../Engine/Content/EngineMaterials/WorldGridMaterial.uasset" 368
"../../../Engine/Content/Functions/Engine_MaterialFunctions01/Opacity/CameraDepthFade.uasset" 369
"../../../Engine/Content/EngineMaterials/T_Default_Material_Grid_M.uasset" 370
"../../../Engine/Content/EngineMaterials/T_Default_Material_Grid_N.uasset" 371
"../../../Engine/Content/EngineMaterials/DefaultDeferredDecalMaterial.uasset" 372
"../../../Engine/Content/EngineMaterials/DefaultDiffuse.uasset" 373
"../../../Engine/Content/EngineMaterials/DefaultLightFunctionMaterial.uasset" 374
"../../../Engine/Content/EngineMaterials/DefaultPostProcessMaterial.uasset" 375
"../../../Engine/Content/Functions/Engine_MaterialFunctions02/Utility/BreakOutFloat2Components.uasset" 376
"../../../Engine/Content/EngineResources/DefaultTexture.uasset" 377
"../../../Engine/Content/EngineMaterials/Widget3DPassThrough_Translucent_OneSided.uasset" 378
"../../../Engine/Content/EngineMaterials/Widget3DPassThrough_Opaque.uasset" 379
"../../../Engine/Content/EngineMaterials/Widget3DPassThrough_Opaque_OneSided.uasset" 380
"../../../Engine/Content/EngineMaterials/Widget3DPassThrough_Masked.uasset" 381
"../../../Engine/Content/EngineMaterials/Widget3DPassThrough_Masked_OneSided.uasset" 382
"../../../Engine/Content/EditorResources/S_Actor.uasset" 383
"F:/Data/Documents/Unreal Projects/LD34/Saved/Config/Windows/TemplateDefs.ini" 384
"../../../../../../../Data/Documents/Unreal Projects/LD34/Intermediate/Config/CoalescedSourceConfigs/TemplateDefs.ini" 385
"F:/Data/Documents/Unreal Projects/LD34/Saved/Config/Windows/GameplayTags.ini" 386
"../../../../../../../Data/Documents/Unreal Projects/LD34/Intermediate/Config/CoalescedSourceConfigs/GameplayTags.ini" 387
"../../../Engine/Content/Maps/Templates/Thumbnails/Default.uasset" 388
"../../../Engine/Content/EditorMaterials/ParticleSystems/PSysThumbnail_NoImage.uasset" 389
"../../../Engine/Content/EditorMaterials/ParticleSystems/PSysThumbnail_OOD.uasset" 390
"../../../Engine/Content/EditorLandscapeResources/DataLayer.uasset" 391
"../../../Engine/Content/EngineDamageTypes/DmgTypeBP_Environmental.uasset" 392
"..\..\..\Engine\Content\Internationalization\icudt53l\numberingSystems.res" 393
"..\..\..\Engine\Content\Internationalization\icudt53l\curr\supplementalData.res" 394
"..\..\..\Engine\Content\Internationalization\icudt53l\curr\pool.res" 395
"..\..\..\Engine\Content\Internationalization\icudt53l\curr\en.res" 396
"..\..\..\Engine\Content\Internationalization\icudt53l\curr\root.res" 397
"../../../Engine/Content/EngineMeshes/Sphere.uasset" 398
"../../../Engine/Content/EngineFonts/RobotoDistanceField.uasset" 399
"../../../Engine/Content/EngineMaterials/DefaultTextMaterialOpaque.uasset" 400
"../../../Engine/Content/EditorResources/S_Trigger.uasset" 401
"../../../Engine/Content/EngineResources/GradientTexture0.uasset" 402
"../../../Engine/Content/EngineResources/Black.uasset" 403
"../../../Engine/Content/EditorMaterials/MatineeGroups/MAT_Groups_Float.uasset" 404
"../../../Engine/Content/EditorMaterials/MatineeGroups/MAT_Groups_Director.uasset" 405
"../../../Engine/Content/EditorMaterials/MatineeGroups/MAT_Groups_Event.uasset" 406
"../../../Engine/Content/EditorMaterials/MatineeGroups/MAT_Groups_Anim.uasset" 407
"../../../Engine/Content/EditorMaterials/MatineeGroups/MAT_Groups_Fade.uasset" 408
"../../../Engine/Content/EditorMaterials/MatineeGroups/MAT_Groups_Move.uasset" 409
"../../../Engine/Content/EditorMaterials/MatineeGroups/MAT_Groups_Slomo.uasset" 410
"../../../Engine/Content/EditorMaterials/MatineeGroups/MAT_ColorTrack.uasset" 411
"../../../Engine/Content/EditorMaterials/MAT_Groups_Toggle.uasset" 412
"../../../Engine/Content/EditorMaterials/MatineeGroups/MAT_Groups_AudioMaster.uasset" 413
"../../../Engine/Content/EditorMaterials/MatineeGroups/MAT_Groups_Sound.uasset" 414
"../../../Engine/Content/EditorMaterials/MatineeGroups/MAT_Groups_Vector.uasset" 415
"../../../Engine/Content/EditorMaterials/MAT_Groups_Visibility.uasset" 416
"../../../Engine/Content/EngineResources/DefaultTextureCube.uasset" 417
"../../../Engine/Content/EngineSounds/Master.uasset" 418
"../../../Engine/Content/EngineSounds/Music.uasset" 419
"../../../Engine/Content/EngineSounds/SFX.uasset" 420
"../../../Engine/Content/EngineSounds/Normal_Attack.uasset" 421
"../../../Engine/Content/EngineSounds/Special_Attack_PSM.uasset" 422
"../../../Engine/Content/EngineSounds/Duck_Normal_Attack_MixMod.uasset" 423
"../../../Engine/Content/EngineSounds/Voice.uasset" 424
"../../../Engine/Content/EngineMeshes/Cylinder.uasset" 425
"../../../Engine/Content/EngineMaterials/DefaultMaterial.uasset" 426
"../../../Engine/Content/EngineTireTypes/DefaultTireType.uasset" 427
"../../../Engine/Content/Editor/Slate/Fonts/FontAwesome.ttf" 428
"../../../Engine/Content/Editor/Slate/Fonts/DroidSansMono.ttf" 429
"../../../Engine/Content/Editor/Slate/Fonts/Roboto-BoldCondensed.ttf" 430
"../../../Engine/Content/Editor/Slate/Fonts/Roboto-Black.ttf" 431
"../../../Engine/Content/Editor/Slate/Fonts/Roboto-Italic.ttf" 432
"../../../Engine/Content/Editor/Slate/Fonts/Roboto-BoldCondensedItalic.ttf" 433
"..\..\..\Engine\Content\Internationalization\icudt53l\coll\ucadata.icu" 434
"..\..\..\Engine\Content\Internationalization\icudt53l\nfc.nrm" 435
"..\..\..\Engine\Content\Internationalization\icudt53l\coll\en_US.res" 436
"..\..\..\Engine\Content\Internationalization\icudt53l\coll\en.res" 437
"..\..\..\Engine\Content\Internationalization\icudt53l\coll\root.res" 438
"../../../Engine/Content/EngineResources/AICON-Red.uasset" 439
"../../../Engine/Content/EngineResources/AICON-Green.uasset" 440
"../../../Engine/Content/Tutorial/Basics/LevelEditorAttract.uasset" 441
"../../../Engine/Content/Tutorial/Foliage/Foliage_Intro_Tutorial.uasset" 442
"../../../Engine/Content/Tutorial/Foliage/TutorialAssets/Foliage.uasset" 443
"../../../Engine/Content/Tutorial/Foliage/Foliage_Using_The_Tool_Tutorial.uasset" 444
"../../../Engine/Content/Tutorial/Basics/LevelEditorOverview.uasset" 445
"../../../Engine/Content/Tutorial/Basics/TutorialAssets/icon_tab_Levels_40x.uasset" 446
"../../../Engine/Content/Tutorial/BlueprintTutorials/BlueprintEditorTutorial.uasset" 447
"../../../Engine/Content/Tutorial/BlueprintTutorials/TutorialAssets/Blueprint_64x.uasset" 448
"../../../Engine/Content/Tutorial/Mobile/InstallingiTunesTutorial.uasset" 449
"../../../Engine/Content/Tutorial/Mobile/TutorialAssets/IOS.uasset" 450
"../../../Engine/Content/Tutorial/ContentIntroCurve.uasset" 451
"../../../Engine/Plugins/2D/Paper2D/Content/MaskedUnlitSpriteMaterial.uasset" 452
"../../../Engine/Plugins/2D/Paper2D/Content/DefaultSpriteMaterial.uasset" 453
"../../../Engine/Plugins/2D/Paper2D/Content/PlaceholderTextures/DummySpriteTexture.uasset" 454
"../../../Engine/Plugins/2D/Paper2D/Content/OpaqueUnlitSpriteMaterial.uasset" 455
"../../../Engine/Plugins/2D/Paper2D/Content/DefaultPaperTerrainMaterial.uasset" 456
"../../../Engine/Plugins/2D/Paper2D/Content/DummySprite.uasset" 457
"../../../Engine/Plugins/2D/Paper2D/Content/DummySpriteTexture.uasset" 458
"C:/Users/quadtree/AppData/Local/UnrealEngine/4.10/Saved/Config/Windows/SourceControlSettings.ini" 459
"../../../../../../../Data/Documents/Unreal Projects/LD34/Intermediate/Config/CoalescedSourceConfigs/SourceControlSettings.ini" 460
"F:/Data/Documents/Unreal Projects/LD34/Saved/Config/Windows/SourceControlSettings.ini" 461
"../../../Engine/Plugins/Runtime/LeapMotionController/Content/LM_CapsuleMesh.uasset" 462
"../../../Engine/Plugins/Runtime/LeapMotionController/Content/LM_TorusMesh.uasset" 463
"../../../Engine/Plugins/Runtime/LeapMotionController/Content/LM_HandColor.uasset" 464
"../../../Engine/Plugins/Runtime/LeapMotionController/Content/LM_PassthroughMaterial.uasset" 465
"../../../Engine/Plugins/Runtime/LeapMotionController/Content/LM_SampleDistortion.uasset" 466
"../../../Engine/Plugins/Runtime/LeapMotionController/Content/LM_TestTexture.uasset" 467
"../../../Engine/Content/BasicShapes/Cube.uasset" 468
"../../../Engine/Content/EngineMaterials/RemoveSurfaceMaterial.uasset" 469
"../../../Engine/Content/EngineDebugMaterials/DebugMeshMaterial.uasset" 470
"../../../Engine/Content/EngineMaterials/M_InvalidLightmapSettings.uasset" 471
"../../../Engine/Content/EngineMaterials/InvalidLightmapSettings.uasset" 472
"../../../Engine/Content/EditorMaterials/GizmoMaterial.uasset" 473
"../../../Engine/Content/EngineMaterials/Good64x64TilingNoiseHighFreq.uasset" 474
"../../../Engine/Content/EngineMaterials/DefaultBokeh.uasset" 475
"../../../Engine/Content/EngineMaterials/PreintegratedSkinBRDF.uasset" 476
"../../../Engine/Content/EngineMaterials/MiniFont.uasset" 477
"../../../Engine/Content/EngineMaterials/WeightMapPlaceholderTexture.uasset" 478
"../../../Engine/Content/EngineMaterials/DefaultWhiteGrid.uasset" 479
"../../../Engine/Content/EngineMaterials/DefaultPhysicalMaterial.uasset" 480
"../../../Engine/Content/EngineFonts/RobotoTiny.uasset" 481
"../../../../../../../Data/Documents/Unreal Projects/LD34/Intermediate/CachedAssetRegistry.bin" 482
"F:/Data/Documents/Unreal Projects/LD34/Saved/Cooked/WindowsNoEditor/LD34/CookedIniVersion.txt" 483
"../../../Engine/Config/HTML5/HTML5Engine.ini" 484
"../../../Engine/Content/MobileResources/HUD/VirtualJoystick_Thumb.uasset" 485
"../../../Engine/Content/EditorResources/BSPVertex.uasset" 486
"../../../Engine/Content/EngineDebugMaterials/GeomMaterial.uasset" 487
"../../../Engine/Content/EngineDebugMaterials/BoneWeightMaterial.uasset" 488
"../../../Engine/Content/EngineDebugMaterials/HeatmapGradient.uasset" 489
"../../../Engine/Content/EditorMaterials/PhAT_JointLimitMaterial.uasset" 490
"../../../Engine/Content/EditorMaterials/PreviewShadowIndicatorMaterial.uasset" 491
"../../../Engine/Content/EditorMaterials/PreviewShadowIndicator.uasset" 492
"../../../Engine/Content/EngineMaterials/EditorBrushMaterial.uasset" 493
"../../../Engine/Content/EditorMeshes/ColorCalibrator/SM_ColorCalibrator.uasset" 494
"../../../Engine/Content/EditorMeshes/ColorCalibrator/M_ChromeBall.uasset" 495
"../../../Engine/Content/EditorMeshes/ColorCalibrator/M_ClearCoat.uasset" 496
"../../../Engine/Content/EditorMeshes/ColorCalibrator/M_ClearCoatBlack.uasset" 497
"../../../Engine/Content/EditorMeshes/ColorCalibrator/M_ColorGrid.uasset" 498
"../../../Engine/Content/EditorMeshes/ColorCalibrator/T_ColorGrid.uasset" 499
"../../../Engine/Content/EditorMeshes/ColorCalibrator/M_GreyBall.uasset" 500
"../../../Engine/Content/MobileResources/HUD/DefaultVirtualJoysticks.uasset" 501
"../../../Engine/Content/MobileResources/HUD/VirtualJoystick_Background.uasset" 502
"../../../Engine/Content/Tutorial/SubEditors/TutorialAssets/icon_Editor_Preferences_General_40x.uasset" 503
"../../../Engine/Content/Tutorial/Paper2D/TutorialAssets/Paper2DSprite_TutorialIcon.uasset" 504
"../../../Engine/Content/Tutorial/SubEditors/TutorialAssets/icon_ShowSkeletalMeshes_40x.uasset" 505
"../../../Engine/Content/Tutorial/Landscape/TutorialAssets/Landscape.uasset" 506
"../../../Engine/Content/Tutorial/SubEditors/StaticMeshEditorTutorial.uasset" 507
"../../../Engine/Content/EngineMeshes/Cube.uasset" 508
"../../../Engine/Content/Tutorial/BlueprintTutorials/BlueprintMacroLibrariesEditorOverview.uasset" 509
"../../../Engine/Content/Tutorial/BlueprintTutorials/TutorialAssets/BlueprintMacroLibrary_64x.uasset" 510
"../../../Engine/Content/Tutorial/BlueprintTutorials/TutorialAssets/Tutorial_BP_MacroLib.uasset" 511
"../../../Engine/Content/Tutorial/BlueprintTutorials/BlueprintInterfacesEditorOverview.uasset" 512
"../../../Engine/Content/Tutorial/BlueprintTutorials/TutorialAssets/BlueprintInterface_64x.uasset" 513
"../../../Engine/Content/Tutorial/BlueprintTutorials/TutorialAssets/Tutorial_BP_Interface.uasset" 514
"../../../Engine/Content/Tutorial/BlueprintTutorials/LevelBlueprintEditorOverview.uasset" 515
"../../../Engine/Content/Tutorial/SubEditors/DestructibleMeshEditorTutorial.uasset" 516
"../../../Engine/Content/Tutorial/SubEditors/TutorialAssets/Tutorial_DM.uasset" 517
"../../../Engine/Content/EditorMeshes/EditorCube.uasset" 518
"../../../Engine/Content/Tutorial/SubEditors/MaterialEditorTutorial.uasset" 519
"../../../Engine/Content/Tutorial/SubEditors/TutorialAssets/TutorialMaterial.uasset" 520
"../../../Engine/Content/Tutorial/SubEditors/ParticleSystemEditorTutorial.uasset" 521
"../../../Engine/Content/Tutorial/SubEditors/TutorialAssets/TutorialParticleSystem.uasset" 522
"../../../Engine/Content/Tutorial/SubEditors/TutorialAssets/M_smoke_subUV_blackbody.uasset" 523
"../../../Engine/Content/Tutorial/SubEditors/TutorialAssets/T_SmokeSubUV_8X8.uasset" 524
"../../../Engine/Content/Tutorial/SubEditors/TutorialAssets/T_soft_smoke.uasset" 525
"../../../Engine/Content/Tutorial/SubEditors/PersonaAnimEditorTutorial.uasset" 526
"../../../Engine/Content/Tutorial/SubEditors/PersonaAnimEditorWalkthrough.uasset" 527
"../../../Engine/Content/Tutorial/SubEditors/TutorialAssets/Character/NewBlendSpace1D.uasset" 528
"../../../Engine/Content/Tutorial/SubEditors/TutorialAssets/Character/Tutorial_Idle.uasset" 529
"../../../Engine/Content/Tutorial/SubEditors/TutorialAssets/Character/TutorialTPP_Skeleton.uasset" 530
"../../../Engine/Content/Tutorial/SubEditors/TutorialAssets/Character/Tutorial_Walk_Fwd.uasset" 531
"../../../Engine/Content/Tutorial/SubEditors/TutorialAssets/Character/TutorialTPP.uasset" 532
"../../../Engine/Content/Tutorial/SubEditors/TutorialAssets/Character/TutorialTPP_Mat.uasset" 533
"../../../Engine/Content/Tutorial/SubEditors/TutorialAssets/Character/TutorialTPP_PhysicsAsset.uasset" 534
"../../../Engine/Content/Tutorial/SubEditors/PersonaAnimBlueprintEditorWalkthrough.uasset" 535
"../../../Engine/Content/Tutorial/SubEditors/TutorialAssets/Character/TutorialTPP_AnimBlueprint.uasset" 536
"../../../Engine/Content/EditorBlueprintResources/StandardMacros.uasset" 537
"../../../Engine/Content/Tutorial/SubEditors/TutorialAssets/Character/TutorialCharacter.uasset" 538
"../../../Engine/Content/Tutorial/Paper2D/SpriteEditorTutorial.uasset" 539
"../../../Engine/Content/Tutorial/Paper2D/FlipbookEditorTutorial.uasset" 540
"../../../Engine/Content/Tutorial/Paper2D/TutorialAssets/Paper2DFlipbook_TutorialIcon.uasset" 541
"../../../Engine/Content/Tutorial/Landscape/Landscape_Manage_Mode.uasset" 542
"../../../Engine/Content/Tutorial/Landscape/Landscape_Sculpt_Mode.uasset" 543
"../../../Engine/Content/Tutorial/Landscape/Landscape_Painting_Mode.uasset" 544
"../../../Engine/Content/Tutorial/Foliage/Foliage_Settings_Tutorial.uasset" 545
"../../../Engine/Content/MobileResources/HUD/MobileHUDDirectionStick.uasset" 546
"../../../Engine/Content/MobileResources/HUD/MobileHUDDirectionPad.uasset" 547
"../../../Engine/Content/MobileResources/HUD/LeftVirtualJoystickOnly.uasset" 548
"../../../Engine/Content/MobileResources/HUD/AnalogHat.uasset" 549
"../../../../../../../Data/Documents/Unreal Projects/LD34/Content/UI/MainMenu.uasset" 550
"../../../../../../../Data/Documents/Unreal Projects/LD34/Content/UI/DroidMono.uasset" 551
"../../../../../../../Data/Documents/Unreal Projects/LD34/Content/Textures/asteroid1.uasset" 552
"../../../../../../../Data/Documents/Unreal Projects/LD34/Content/Textures/white.uasset" 553
"C:/Users/quadtree/AppData/Local/UnrealEngine/Common/DerivedDataCache/2/7/3/TEXTURE_814DCC3DC72143F49509781513CB9855_AUTODXT_2C73B46F42144B2684671C8E6A34E__0E08597B312CF10FC4605929DD578388C6BF5DDB.udd" 554
"C:/Users/quadtree/AppData/Local/UnrealEngine/Common/DerivedDataCache/5/7/0/TEXTURE_814DCC3DC72143F49509781513CB9855_AUTODXT_EF7B6414472BF46F09966BBFE1188__DC896359B069166FAE5EBA26FEE8BEAB954322A5.udd" 555
"C:/Users/quadtree/AppData/Local/UnrealEngine/Common/DerivedDataCache/9/4/0/TEXTURE_814DCC3DC72143F49509781513CB9855_AUTODXT_EF7B6414472BF46F09966BBFE1188__8C1600A1896748F95B9D1BCB19BE14E1F0B6A5CD.udd" 556
"C:/Users/quadtree/AppData/Local/UnrealEngine/Common/DerivedDataCache/3/5/0/TEXTURE_814DCC3DC72143F49509781513CB9855_AUTODXT_EF7B6414472BF46F09966BBFE1188__059CC646480DCCAE71C33A96687B4DDF16400C31.udd" 557
"C:/Users/quadtree/AppData/Local/UnrealEngine/Common/DerivedDataCache/1/8/4/TEXTURE_814DCC3DC72143F49509781513CB9855_AUTODXT_EF7B6414472BF46F09966BBFE1188__DB090F2599A2660611FCE35828A3A36DF2E513C3.udd" 558
"../../../../../../../Data/Documents/Unreal Projects/LD34/Content/UI/GameOver.uasset" 559
"../../../Engine/Content/Maps/Entry.umap" 560
"../../../Engine/Content/EngineMaterials/DefaultNormal.uasset" 561
"../../../../../../../Data/Documents/Unreal Projects/LD34/Content/Maps/MainMenu.umap" 562
"../../../../../../../Data/Documents/Unreal Projects/LD34/Content/Blueprints/MainMenuGameMode.uasset" 563
"../../../../../../../Data/Documents/Unreal Projects/LD34/Content/Blueprints/MainMenuPlayerController.uasset" 564
"../../../../../../../Data/Documents/Unreal Projects/LD34/Content/Maps/Space.umap" 565
"../../../../../../../Data/Documents/Unreal Projects/LD34/Content/Blueprints/RobotGridGeneratorImpl.uasset" 566
"../../../../../../../Data/Documents/Unreal Projects/LD34/Content/Blueprints/GridImpl.uasset" 567
"../../../Engine/Content/BasicShapes/BasicShapeMaterial.uasset" 568
"../../../../../../../Data/Documents/Unreal Projects/LD34/Content/Materials/RootNotReal.uasset" 569
"../../../Engine/Content/BasicShapes/Sphere.uasset" 570
"../../../../../../../Data/Documents/Unreal Projects/LD34/Content/Sounds/AttachNewPart.uasset" 571
"../../../../../../../Data/Documents/Unreal Projects/LD34/Content/Blueprints/Part/BasicArmor.uasset" 572
"../../../../../../../Data/Documents/Unreal Projects/LD34/Content/Materials/Armor.uasset" 573
"../../../../../../../Data/Documents/Unreal Projects/LD34/Content/Textures/block1.uasset" 574
"../../../../../../../Data/Documents/Unreal Projects/LD34/Content/Sounds/Explosion.uasset" 575
"../../../../../../../Data/Documents/Unreal Projects/LD34/Content/Sounds/DefaultAttenuation.uasset" 576
"../../../../../../../Data/Documents/Unreal Projects/LD34/Content/Blueprints/Part/BoltCannon.uasset" 577
"../../../../../../../Data/Documents/Unreal Projects/LD34/Content/Blueprints/Bolt.uasset" 578
"../../../../../../../Data/Documents/Unreal Projects/LD34/Content/Materials/Bolt1.uasset" 579
"../../../../../../../Data/Documents/Unreal Projects/LD34/Content/Materials/BoltCannonMaterial.uasset" 580
"../../../../../../../Data/Documents/Unreal Projects/LD34/Content/Sounds/FireBolt.uasset" 581
"../../../../../../../Data/Documents/Unreal Projects/LD34/Content/Blueprints/Part/BoltTurret.uasset" 582
"../../../../../../../Data/Documents/Unreal Projects/LD34/Content/Blueprints/Part/CommandCenter.uasset" 583
"../../../../../../../Data/Documents/Unreal Projects/LD34/Content/Materials/CommandCenter.uasset" 584
"../../../../../../../Data/Documents/Unreal Projects/LD34/Content/Blueprints/Part/Engine.uasset" 585
"../../../../../../../Data/Documents/Unreal Projects/LD34/Content/Materials/EngineFlame.uasset" 586
"../../../../../../../Data/Documents/Unreal Projects/LD34/Content/Materials/ThrusterMaterial.uasset" 587
"../../../Engine/Content/BasicShapes/Cone.uasset" 588
"../../../../../../../Data/Documents/Unreal Projects/LD34/Content/Models/engine1.uasset" 589
"../../../../../../../Data/Documents/Unreal Projects/LD34/Content/Blueprints/Part/FusionReactor.uasset" 590
"../../../../../../../Data/Documents/Unreal Projects/LD34/Content/Materials/FusionReactor.uasset" 591
"../../../../../../../Data/Documents/Unreal Projects/LD34/Content/Textures/block1_windowmap.uasset" 592
"../../../../../../../Data/Documents/Unreal Projects/LD34/Content/Textures/block1_with_window.uasset" 593
"../../../../../../../Data/Documents/Unreal Projects/LD34/Content/Blueprints/Part/PlasmaCannon.uasset" 594
"../../../../../../../Data/Documents/Unreal Projects/LD34/Content/Blueprints/PlasmaBolt.uasset" 595
"../../../../../../../Data/Documents/Unreal Projects/LD34/Content/Sounds/FirePlasma.uasset" 596
"../../../../../../../Data/Documents/Unreal Projects/LD34/Content/Blueprints/Part/Thruster.uasset" 597
"../../../../../../../Data/Documents/Unreal Projects/LD34/Content/Blueprints/SpaceGameMode.uasset" 598
"../../../../../../../Data/Documents/Unreal Projects/LD34/Content/Blueprints/AsteroidGridGeneratorImpl.uasset" 599
"../../../../../../../Data/Documents/Unreal Projects/LD34/Content/Blueprints/Part/AsteroidChunk.uasset" 600
"../../../../../../../Data/Documents/Unreal Projects/LD34/Content/Textures/Asteroid.uasset" 601
"../../../../../../../Data/Documents/Unreal Projects/LD34/Content/Blueprints/SpacePlayerControllerImpl.uasset" 602
"../../../../../../../Data/Documents/Unreal Projects/LD34/Content/Materials/BackgroundClouds.uasset" 603
"../../../Engine/Content/Functions/Engine_MaterialFunctions02/Utility/BreakOutFloat3Components.uasset" 604
"../../../../../../../Data/Documents/Unreal Projects/LD34/Content/Textures/background_clouds_3.uasset" 605
"C:/Users/quadtree/AppData/Local/UnrealEngine/Common/DerivedDataCache/2/6/6/MATSM_984AFA3849534FAA8491540B994BD32E_PCD3D_SM5_3__BC5N_DEV_SL_NODBUF509D61DA__618708D506366E9ADC745F7C9919E42B73DDA5F1.udd" 606
"C:/Users/quadtree/AppData/Local/UnrealEngine/Common/DerivedDataCache/0/7/1/AUDIO_0002_0000_OGG_0001_9193A771445FDB4565A9FC81C758BA2C.udd" 607
"C:/Users/quadtree/AppData/Local/UnrealEngine/Common/DerivedDataCache/9/4/1/MATSM_984AFA3849534FAA8491540B994BD32E_PCD3D_SM5_3__BC5N_DEV_SL_NODBUF6965092A__6AC5CA7FF2B2F2F045C757D347D31AEE67A20BAA.udd" 608
"C:/Users/quadtree/AppData/Local/UnrealEngine/Common/DerivedDataCache/3/9/0/AUDIO_0002_0000_OGG_0001_734A7BDE4D969FCC340A8C965E8EBD7B.udd" 609
"C:/Users/quadtree/AppData/Local/UnrealEngine/Common/DerivedDataCache/0/3/9/MATSM_984AFA3849534FAA8491540B994BD32E_PCD3D_SM5_3__BC5N_DEV_SL_NODBUF67888619__4BF0B554E10B51D4E8D64AC4BAA8E4A734A6F287.udd" 610
"C:/Users/quadtree/AppData/Local/UnrealEngine/Common/DerivedDataCache/7/7/6/MATSM_984AFA3849534FAA8491540B994BD32E_PCD3D_SM5_3__BC5N_DEV_SL_NODBUF7DC8466A__79CE10086E7659B9E73423C32D71B0EEA9692452.udd" 611
"../../../../../../../Data/Documents/Unreal Projects/LD34/Content/Sounds/Explosion47.uasset" 612
"../../../../../../../Data/Documents/Unreal Projects/LD34/Content/Sounds/Explosion51.uasset" 613
"../../../../../../../Data/Documents/Unreal Projects/LD34/Content/Sounds/Explosion54.uasset" 614
"../../../../../../../Data/Documents/Unreal Projects/LD34/Content/Sounds/Explosion63.uasset" 615
"../../../../../../../Data/Documents/Unreal Projects/LD34/Content/Sounds/Explosion66.uasset" 616
"../../../../../../../Data/Documents/Unreal Projects/LD34/Content/Sounds/Explosion72.uasset" 617
"C:/Users/quadtree/AppData/Local/UnrealEngine/Common/DerivedDataCache/8/2/3/MATSM_984AFA3849534FAA8491540B994BD32E_PCD3D_SM5_3__BC5N_DEV_SL_NODBUFEBF5857C__E9F7C15965FA185E3EFDE71DC467BE30FE1A140E.udd" 618
"C:/Users/quadtree/AppData/Local/UnrealEngine/Common/DerivedDataCache/0/7/1/STATICMESH_46A8778361B442A9523C54440EA1E9D_8C68575CEF434CA8A9E1DA4AED8A47BB_40__62F0F49390E1304680E1AFE1A7004A5A7665F654.udd" 619
"C:/Users/quadtree/AppData/Local/UnrealEngine/Common/DerivedDataCache/0/1/9/NAVCOLLISION_B89838347A4348138EE337A847529C5C_NAVCOLLISION_X_650163464623F7C9F__25C8666B8C517B9242F430144A6580230AB30010.udd" 620
"C:/Users/quadtree/AppData/Local/UnrealEngine/Common/DerivedDataCache/8/1/4/PHYSX_1D9C17C451EA4FB88CB7A27536A65DB0_PHYSXPC_650163464623F7C9FF68F5BC9CC2CBC__231E81BCFDD8EF1A9F4B6E9634321D2B88DDB669.udd" 621
"C:/Users/quadtree/AppData/Local/UnrealEngine/Common/DerivedDataCache/3/2/9/MATSM_984AFA3849534FAA8491540B994BD32E_PCD3D_SM5_3__BC5N_DEV_SL_NODBUF70D2146A__A4A9DCCF2EEBDE293018EAB960D5FFC1B48EB3DA.udd" 622
"C:/Users/quadtree/AppData/Local/UnrealEngine/Common/DerivedDataCache/6/2/7/MATSM_984AFA3849534FAA8491540B994BD32E_PCD3D_SM5_3__BC5N_DEV_SL_NODBUFCD2D2BA7__0345CA0AB8F9C2A431C25CECA7B3546B4A100D30.udd" 623
"C:/Users/quadtree/AppData/Local/UnrealEngine/Common/DerivedDataCache/4/0/0/MATSM_984AFA3849534FAA8491540B994BD32E_PCD3D_SM5_3__BC5N_DEV_SL_NODBUF3D655971__716E6D1A5B0C4DA2E4BC885E9AD4E32441FC152E.udd" 624
"C:/Users/quadtree/AppData/Local/UnrealEngine/Common/DerivedDataCache/6/7/2/MATSM_984AFA3849534FAA8491540B994BD32E_PCD3D_SM5_3__BC5N_DEV_SL_NODBUFD7F2CBB5__088C2216999FA57434D96DCA1B8F6D858EB76F43.udd" 625
"C:/Users/quadtree/AppData/Local/UnrealEngine/Common/DerivedDataCache/2/8/5/MATSM_984AFA3849534FAA8491540B994BD32E_PCD3D_SM5_3__BC5N_DEV_SL_NODBUFD59D4A11__58E88C8FD63E67C766B3C4F4D8EB9BF203BCA41D.udd" 626
"C:/Users/quadtree/AppData/Local/UnrealEngine/Common/DerivedDataCache/7/1/0/AUDIO_0002_0000_OGG_0001_0BD663BD4214225EDA8223BD9E3D0FDB.udd" 627
"C:/Users/quadtree/AppData/Local/UnrealEngine/Common/DerivedDataCache/1/0/4/AUDIO_0002_0000_OGG_0001_E3B8BC99461168DD4C0C7EBD74059B78.udd" 628
"C:/Users/quadtree/AppData/Local/UnrealEngine/Common/DerivedDataCache/6/8/8/AUDIO_0002_0000_OGG_0001_0C357AE743367414790584A0EA5E270A.udd" 629
"C:/Users/quadtree/AppData/Local/UnrealEngine/Common/DerivedDataCache/1/6/9/AUDIO_0002_0000_OGG_0001_F9EF19BF4FA9E0F616F766A1124E74C5.udd" 630
"C:/Users/quadtree/AppData/Local/UnrealEngine/Common/DerivedDataCache/4/5/0/AUDIO_0002_0000_OGG_0001_5C41B06D4CEA982737655986434D654E.udd" 631
"C:/Users/quadtree/AppData/Local/UnrealEngine/Common/DerivedDataCache/6/1/3/AUDIO_0002_0000_OGG_0001_AF5235DD46458FEFBC7E2B8C9FF34BAF.udd" 632
"C:/Users/quadtree/AppData/Local/UnrealEngine/Common/DerivedDataCache/1/7/9/AUDIO_0002_0000_OGG_0001_80015E004F34201F1122288ED6A53DA6.udd" 633
"../../../Engine/Content/EditorResources/EmptyActor.uasset" 634
"C:/Users/quadtree/AppData/Local/UnrealEngine/Common/DerivedDataCache/5/0/1/TEXTURE_814DCC3DC72143F49509781513CB9855_AUTODXT_144BF750494E5F98CB24798F4CD02__2DB48216315E963FA49CA4F25424C281369845F9.udd" 635
"C:/Users/quadtree/AppData/Local/UnrealEngine/Common/DerivedDataCache/1/5/8/TEXTURE_814DCC3DC72143F49509781513CB9855_AUTODXT_144BF750494E5F98CB24798F4CD02__4FB25D99FB6CEF212B62BED3C2C615F44DC97FCB.udd" 636
"C:/Users/quadtree/AppData/Local/UnrealEngine/Common/DerivedDataCache/3/8/1/TEXTURE_814DCC3DC72143F49509781513CB9855_AUTODXT_144BF750494E5F98CB24798F4CD02__749C623857F62C91DBAAAB5CF731995791D9B917.udd" 637
"C:/Users/quadtree/AppData/Local/UnrealEngine/Common/DerivedDataCache/6/8/4/TEXTURE_814DCC3DC72143F49509781513CB9855_AUTODXT_144BF750494E5F98CB24798F4CD02__C704510DBE2A9C7AB62263A3499DCA38A69EB0EA.udd" 638
"C:/Users/quadtree/AppData/Local/UnrealEngine/Common/DerivedDataCache/0/6/9/TEXTURE_814DCC3DC72143F49509781513CB9855_AUTODXT_144BF750494E5F98CB24798F4CD02__16680DB6C402FBC9C201979B152BD6D99536E7E7.udd" 639
"C:/Users/quadtree/AppData/Local/Temp/UnrealShaderWorkingDir/668E0C5241879058AD3CC0B7A380F06D/1/WorkerOutputOnly.out" 640
"C:/Users/quadtree/AppData/Local/Temp/UnrealShaderWorkingDir/668E0C5241879058AD3CC0B7A380F06D/3/WorkerOutputOnly.out" 641
"C:/Users/quadtree/AppData/Local/Temp/UnrealShaderWorkingDir/668E0C5241879058AD3CC0B7A380F06D/0/WorkerOutputOnly.out" 642
"C:/Users/quadtree/AppData/Local/Temp/UnrealShaderWorkingDir/668E0C5241879058AD3CC0B7A380F06D/2/WorkerOutputOnly.out" 643
"C:/Users/quadtree/AppData/Local/UnrealEngine/Common/DerivedDataCache/1/8/4/TEXTURE_814DCC3DC72143F49509781513CB9855_AUTODXT_CA71474F479CB089C8FA9388CC931__1A85DD4D15BCEA238ED23985BE714516D615EA21.udd" 644
"C:/Users/quadtree/AppData/Local/UnrealEngine/Common/DerivedDataCache/3/5/7/TEXTURE_814DCC3DC72143F49509781513CB9855_AUTODXT_CA71474F479CB089C8FA9388CC931__C6D9AE1E0A124753E948840F6D29BF414669E504.udd" 645
"C:/Users/quadtree/AppData/Local/UnrealEngine/Common/DerivedDataCache/9/8/4/TEXTURE_814DCC3DC72143F49509781513CB9855_AUTODXT_CA71474F479CB089C8FA9388CC931__7AB885B2139D6FA7EE7AD183D5BCA375E4F94D59.udd" 646
"C:/Users/quadtree/AppData/Local/UnrealEngine/Common/DerivedDataCache/9/1/0/TEXTURE_814DCC3DC72143F49509781513CB9855_AUTODXT_CA71474F479CB089C8FA9388CC931__9070E472CA35BCFC2D3E5FE03DD52AA3B408F0E3.udd" 647
"C:/Users/quadtree/AppData/Local/UnrealEngine/Common/DerivedDataCache/8/0/5/TEXTURE_814DCC3DC72143F49509781513CB9855_AUTODXT_D7A3BB83468B861E1DB1969AEE27D__D5759508ADD86B00B0C25EB98E692DB68615CD97.udd" 648
"C:/Users/quadtree/AppData/Local/UnrealEngine/Common/DerivedDataCache/6/3/7/TEXTURE_814DCC3DC72143F49509781513CB9855_AUTODXT_D7A3BB83468B861E1DB1969AEE27D__6EB1B993EB3190068C062F1ED1C63FB094A239F4.udd" 649
"C:/Users/quadtree/AppData/Local/UnrealEngine/Common/DerivedDataCache/3/7/5/TEXTURE_814DCC3DC72143F49509781513CB9855_AUTODXT_D7A3BB83468B861E1DB1969AEE27D__12156DD123C1233B62A055DFC4C390F83F95FE41.udd" 650
"C:/Users/quadtree/AppData/Local/UnrealEngine/Common/DerivedDataCache/2/2/5/TEXTURE_814DCC3DC72143F49509781513CB9855_AUTODXT_D7A3BB83468B861E1DB1969AEE27D__55FE6844F2D927AECA7CC70D74B34347FA077D45.udd" 651
"C:/Users/quadtree/AppData/Local/UnrealEngine/Common/DerivedDataCache/9/9/7/TEXTURE_814DCC3DC72143F49509781513CB9855_AUTODXT_2E92559042A05A95A23673B806659__7DB54529E006336B6F3D2A844E63E8ECED44D86D.udd" 652
"C:/Users/quadtree/AppData/Local/UnrealEngine/Common/DerivedDataCache/7/4/4/TEXTURE_814DCC3DC72143F49509781513CB9855_AUTODXT_2E92559042A05A95A23673B806659__E4816016F334CCDA7179092E347B6413D7A8CDF8.udd" 653
"C:/Users/quadtree/AppData/Local/UnrealEngine/Common/DerivedDataCache/8/8/8/TEXTURE_814DCC3DC72143F49509781513CB9855_AUTODXT_2E92559042A05A95A23673B806659__044204EDA56D964D4F08CE8BF81B4C400BFAB146.udd" 654
"C:/Users/quadtree/AppData/Local/UnrealEngine/Common/DerivedDataCache/5/7/6/TEXTURE_814DCC3DC72143F49509781513CB9855_AUTODXT_2E92559042A05A95A23673B806659__7D565495AE82E68C2CEB3A3486F54319221CD631.udd" 655
"../../../Engine/Content/MobileResources/HUD/T_Castle_ThumbstickOutter.uasset" 656
"../../../Engine/Content/MobileResources/HUD/MobileHUDButton2_off.uasset" 657
"../../../Engine/Content/MobileResources/T_MobileControls_texture.uasset" 658
"../../../Engine/Content/MobileResources/HUD/MobileHUDButton2_on.uasset" 659
"../../../Engine/Content/MobileResources/HUD/T_Castle_ThumbstickInner.uasset" 660
"../../../Engine/Content/MobileResources/HUD/MobileHUDDirectionPad2.uasset" 661
"../../../Engine/Content/MobileResources/HUD/MobileHUDDirectionPad3.uasset" 662
"../../../Engine/Content/MobileResources/HUD/MobileHUDButton1_off.uasset" 663
"../../../Engine/Content/MobileResources/HUD/MobileHUDButtonFire.uasset" 664
"../../../Engine/Content/MobileResources/T_MobileMenu2.uasset" 665
"../../../Engine/Content/MobileResources/HUD/MobileHUDButton3.uasset" 666
"../../../Engine/Content/MobileResources/HUD/MobileHUDButton1_on.uasset" 667
